Determining if the pthread_create exist failed with the following output:
Change Dir: /home/yuguanfeng/celex_livox_calibration/build/CMakeFiles/CMakeTmp

Run Build Command(s):/usr/bin/make cmTC_fda90/fast 
/usr/bin/make -f CMakeFiles/cmTC_fda90.dir/build.make CMakeFiles/cmTC_fda90.dir/build
make[1]: Entering directory '/home/yuguanfeng/celex_livox_calibration/build/CMakeFiles/CMakeTmp'
Building C object CMakeFiles/cmTC_fda90.dir/CheckSymbolExists.c.o
/usr/bin/gcc-5    -o CMakeFiles/cmTC_fda90.dir/CheckSymbolExists.c.o   -c /home/yuguanfeng/celex_livox_calibration/build/CMakeFiles/CMakeTmp/CheckSymbolExists.c
Linking C executable cmTC_fda90
/usr/local/bin/cmake -E cmake_link_script CMakeFiles/cmTC_fda90.dir/link.txt --verbose=1
/usr/bin/gcc-5      CMakeFiles/cmTC_fda90.dir/CheckSymbolExists.c.o  -o cmTC_fda90 
CMakeFiles/cmTC_fda90.dir/CheckSymbolExists.c.o: In function `main':
CheckSymbolExists.c:(.text+0x16): undefined reference to `pthread_create'
collect2: error: ld returned 1 exit status
CMakeFiles/cmTC_fda90.dir/build.make:86: recipe for target 'cmTC_fda90' failed
make[1]: *** [cmTC_fda90] Error 1
make[1]: Leaving directory '/home/yuguanfeng/celex_livox_calibration/build/CMakeFiles/CMakeTmp'
Makefile:121: recipe for target 'cmTC_fda90/fast' failed
make: *** [cmTC_fda90/fast] Error 2

File /home/yuguanfeng/celex_livox_calibration/build/CMakeFiles/CMakeTmp/CheckSymbolExists.c:
/* */
#include <pthread.h>

int main(int argc, char** argv)
{
  (void)argv;
#ifndef pthread_create
  return ((int*)(&pthread_create))[argc];
#else
  (void)argc;
  return 0;
#endif
}

Determining if the function pthread_create exists in the pthreads failed with the following output:
Change Dir: /home/yuguanfeng/celex_livox_calibration/build/CMakeFiles/CMakeTmp

Run Build Command(s):/usr/bin/make cmTC_44617/fast 
/usr/bin/make -f CMakeFiles/cmTC_44617.dir/build.make CMakeFiles/cmTC_44617.dir/build
make[1]: Entering directory '/home/yuguanfeng/celex_livox_calibration/build/CMakeFiles/CMakeTmp'
Building C object CMakeFiles/cmTC_44617.dir/CheckFunctionExists.c.o
/usr/bin/gcc-5   -DCHECK_FUNCTION_EXISTS=pthread_create   -o CMakeFiles/cmTC_44617.dir/CheckFunctionExists.c.o   -c /usr/local/share/cmake-3.14/Modules/CheckFunctionExists.c
Linking C executable cmTC_44617
/usr/local/bin/cmake -E cmake_link_script CMakeFiles/cmTC_44617.dir/link.txt --verbose=1
/usr/bin/gcc-5  -DCHECK_FUNCTION_EXISTS=pthread_create    CMakeFiles/cmTC_44617.dir/CheckFunctionExists.c.o  -o cmTC_44617 -lpthreads 
/usr/bin/ld: cannot find -lpthreads
collect2: error: ld returned 1 exit status
CMakeFiles/cmTC_44617.dir/build.make:86: recipe for target 'cmTC_44617' failed
make[1]: *** [cmTC_44617] Error 1
make[1]: Leaving directory '/home/yuguanfeng/celex_livox_calibration/build/CMakeFiles/CMakeTmp'
Makefile:121: recipe for target 'cmTC_44617/fast' failed
make: *** [cmTC_44617/fast] Error 2


